<?xml version="1.0" encoding="UTF-8"?>
<!-- Generated by org.testng.reporters.JUnitReportReporter -->
<testsuite hostname="HANYC" name="edu.utexas.ece.testCases.TestLinkedIn" tests="1" failures="0" timestamp="27 Apr 2016 05:05:40 GMT" time="0.009" errors="0">
  <testcase name="testLinkedInLogin" time="0.009" classname="edu.utexas.ece.testCases.TestLinkedIn"/>
</testsuite> <!-- edu.utexas.ece.testCases.TestLinkedIn -->
