<?xml version="1.0" encoding="UTF-8"?>
<!-- Generated by org.testng.reporters.JUnitReportReporter -->
<testsuite hostname="Xianshus-MacBook-Air.local" name="edu.utexas.ece.testCases.TestFacebook" tests="1" failures="0" timestamp="30 Apr 2016 06:03:47 GMT" time="16.228" errors="0">
  <testcase name="testFacebookPost" time="16.228" classname="edu.utexas.ece.testCases.TestFacebook"/>
</testsuite> <!-- edu.utexas.ece.testCases.TestFacebook -->
