<?xml version="1.0" encoding="UTF-8"?>
<!-- Generated by org.testng.reporters.JUnitReportReporter -->
<testsuite hostname="HANYC" name="edu.utexas.ece.testCases.TestGoogle" tests="1" failures="0" timestamp="28 Apr 2016 00:16:37 GMT" time="7.719" errors="0">
  <testcase name="testLinkedInLogin" time="7.719" classname="edu.utexas.ece.testCases.TestGoogle"/>
</testsuite> <!-- edu.utexas.ece.testCases.TestGoogle -->
