<?xml version="1.0" encoding="UTF-8"?>
<!-- Generated by org.testng.reporters.JUnitReportReporter -->
<testsuite hostname="wireless-10-146-0-22.public.utexas.edu" name="edu.utexas.ece.testCases.TestFacebook" tests="1" failures="0" timestamp="1 May 2016 20:43:01 GMT" time="29.330" errors="0">
  <testcase name="testFacebookPost" time="29.330" classname="edu.utexas.ece.testCases.TestFacebook"/>
</testsuite> <!-- edu.utexas.ece.testCases.TestFacebook -->
