<?xml version="1.0" encoding="UTF-8"?>
<!-- Generated by org.testng.reporters.JUnitReportReporter -->
<testsuite hostname="wireless-10-145-133-120.public.utexas.edu" name="edu.utexas.ece.testCases.TestGoogle" tests="1" failures="0" timestamp="30 Apr 2016 20:09:25 GMT" time="3.199" errors="0">
  <testcase name="testGoogleSearch" time="3.199" classname="edu.utexas.ece.testCases.TestGoogle"/>
</testsuite> <!-- edu.utexas.ece.testCases.TestGoogle -->
