<?xml version="1.0" encoding="UTF-8"?>
<!-- Generated by org.testng.reporters.JUnitReportReporter -->
<testsuite hostname="HANYC" name="edu.utexas.ece.testCases.TestFacebook" tests="1" failures="0" timestamp="29 Apr 2016 03:48:50 GMT" time="7.235" errors="0">
  <testcase name="testFacebookLogin" time="7.235" classname="edu.utexas.ece.testCases.TestFacebook"/>
</testsuite> <!-- edu.utexas.ece.testCases.TestFacebook -->
