<?xml version="1.0" encoding="UTF-8"?>
<!-- Generated by org.testng.reporters.JUnitReportReporter -->
<testsuite hostname="wireless-10-145-48-246.public.utexas.edu" name="edu.utexas.ece.testCases.TestGoogle" tests="1" failures="0" timestamp="29 Apr 2016 21:16:28 GMT" time="3.102" errors="0">
  <testcase name="testGoogleSearch" time="3.102" classname="edu.utexas.ece.testCases.TestGoogle"/>
</testsuite> <!-- edu.utexas.ece.testCases.TestGoogle -->
