<?xml version="1.0" encoding="UTF-8"?>
<!-- Generated by org.testng.reporters.JUnitReportReporter -->
<testsuite hostname="HANYC" name="edu.utexas.ece.testCases.TestGoogle" tests="1" failures="0" timestamp="29 Apr 2016 03:59:16 GMT" time="3.943" errors="0">
  <testcase name="testGoogleSearch" time="3.943" classname="edu.utexas.ece.testCases.TestGoogle"/>
</testsuite> <!-- edu.utexas.ece.testCases.TestGoogle -->
